Time resolution is 1 ps
 Block Memory Generator module loading initial data...
 Block Memory Generator data initialization complete.
Block Memory Generator module test.m1.dp.im.your_instance_name.inst.native_mem_module.blk_mem_gen_v8_4_8_inst is using a behavioral model for simulation which will not precisely model memory collision behavior.
Block Memory Generator module test.m1.dp.dm.your_instance_name.inst.native_mem_module.blk_mem_gen_v8_4_8_inst is using a behavioral model for simulation which will not precisely model memory collision behavior.
R[ 1] = 00000000000000000000000001100011
R[ 1] = 00000000000000000000000000001100
R[ 1] = 00000000000000000000000001010101
R[ 1] = 00000000000000000000000110010000
R[ 1] = 00000000000000000000101011111000
R[ 1] = 11111111111111111111111111110000
R[ 1] = 00000000000000000000000000000001
R[ 1] = 00000000000000000000000000000000
R[ 1] = 00000000000000000000000000000001
R[ 1] = 00000000000000000000000000000111
R[ 1] = 00000000000000000000000000000000
R[ 2] = 00000000000000000000000000000000
R[10] = 00000000000000000000000000001010
R[ 1] = 00000000000000000000000000000001
R[ 3] = 00000000000000000000000000001001
R[ 2] = 00000000000000000000000000000000
R[ 4] = 00000000000000000000000000001100
R[ 5] = 00000000000000000000000001100011
R[ 7] = 00000000000000000000000001010111
R[ 2] = 11111111111111111111111111111111
R[ 1] = 00000000000000000000000000000010
R[ 3] = 00000000000000000000000000001000
R[ 2] = 00000000000000000000000000000001
R[ 4] = 00000000000000000000000001010101
R[ 5] = 00000000000000000000000001100011
R[ 7] = 00000000000000000000000000001110
R[ 2] = 00000000000000000000000000000000
R[ 5] = 00000000000000000000000000001100
R[ 7] = 11111111111111111111111110110111
R[ 1] = 00000000000000000000000000000011
R[ 3] = 00000000000000000000000000000111
R[ 2] = 00000000000000000000000000000010
R[ 4] = 00000000000000000000000110010000
R[ 5] = 00000000000000000000000001100011
R[ 7] = 11111111111111111111111011010011
R[ 1] = 00000000000000000000000000000100
R[ 3] = 00000000000000000000000000000110
R[ 2] = 00000000000000000000000000000011
R[ 4] = 00000000000000000000101011111000
R[ 5] = 00000000000000000000000110010000
R[ 7] = 11111111111111111111011010011000
R[ 1] = 00000000000000000000000000000101
R[ 3] = 00000000000000000000000000000101
R[ 2] = 00000000000000000000000000000100
R[ 4] = 11111111111111111111111111110000
R[ 5] = 00000000000000000000101011111000
R[ 7] = 00000000000000000000101100001000
R[ 2] = 00000000000000000000000000000011
R[ 5] = 00000000000000000000000110010000
R[ 7] = 00000000000000000000000110100000
R[ 2] = 00000000000000000000000000000010
R[ 5] = 00000000000000000000000001100011
R[ 7] = 00000000000000000000000001110011
R[ 2] = 00000000000000000000000000000001
R[ 5] = 00000000000000000000000001010101
R[ 7] = 00000000000000000000000001100101
R[ 2] = 00000000000000000000000000000000
R[ 5] = 00000000000000000000000000001100
R[ 7] = 00000000000000000000000000011100
R[ 2] = 11111111111111111111111111111111
R[ 1] = 00000000000000000000000000000110
R[ 3] = 00000000000000000000000000000100
R[ 2] = 00000000000000000000000000000101
R[ 4] = 00000000000000000000000000000001
R[ 5] = 00000000000000000000101011111000
R[ 7] = 00000000000000000000101011110111
R[ 2] = 00000000000000000000000000000100
R[ 5] = 00000000000000000000000110010000
R[ 7] = 00000000000000000000000110001111
R[ 2] = 00000000000000000000000000000011
R[ 5] = 00000000000000000000000001100011
R[ 7] = 00000000000000000000000001100010
R[ 2] = 00000000000000000000000000000010
R[ 5] = 00000000000000000000000001010101
R[ 7] = 00000000000000000000000001010100
R[ 2] = 00000000000000000000000000000001
R[ 5] = 00000000000000000000000000001100
R[ 7] = 00000000000000000000000000001011
R[ 2] = 00000000000000000000000000000000
R[ 5] = 11111111111111111111111111110000
R[ 7] = 11111111111111111111111111101111
R[ 1] = 00000000000000000000000000000111
R[ 3] = 00000000000000000000000000000011
R[ 2] = 00000000000000000000000000000110
R[ 4] = 00000000000000000000000000000000
R[ 5] = 00000000000000000000101011111000
R[ 7] = 00000000000000000000101011111000
R[ 2] = 00000000000000000000000000000101
R[ 5] = 00000000000000000000000110010000
R[ 7] = 00000000000000000000000110010000
R[ 2] = 00000000000000000000000000000100
R[ 5] = 00000000000000000000000001100011
R[ 7] = 00000000000000000000000001100011
R[ 2] = 00000000000000000000000000000011
R[ 5] = 00000000000000000000000001010101
R[ 7] = 00000000000000000000000001010101
R[ 2] = 00000000000000000000000000000010
R[ 5] = 00000000000000000000000000001100
R[ 7] = 00000000000000000000000000001100
R[ 2] = 00000000000000000000000000000001
R[ 5] = 00000000000000000000000000000001
R[ 7] = 00000000000000000000000000000001
R[ 2] = 00000000000000000000000000000000
R[ 5] = 11111111111111111111111111110000
R[ 7] = 11111111111111111111111111110000
R[ 1] = 00000000000000000000000000001000
R[ 3] = 00000000000000000000000000000010
R[ 2] = 00000000000000000000000000000111
R[ 4] = 00000000000000000000000000000001
R[ 5] = 00000000000000000000101011111000
R[ 7] = 00000000000000000000101011110111
R[ 2] = 00000000000000000000000000000110
R[ 5] = 00000000000000000000000110010000
R[ 7] = 00000000000000000000000110001111
R[ 2] = 00000000000000000000000000000101
R[ 5] = 00000000000000000000000001100011
R[ 7] = 00000000000000000000000001100010
R[ 2] = 00000000000000000000000000000100
R[ 5] = 00000000000000000000000001010101
R[ 7] = 00000000000000000000000001010100
R[ 2] = 00000000000000000000000000000011
R[ 5] = 00000000000000000000000000001100
R[ 7] = 00000000000000000000000000001011
R[ 2] = 00000000000000000000000000000010
R[ 5] = 00000000000000000000000000000001
R[ 7] = 00000000000000000000000000000000
R[ 2] = 00000000000000000000000000000001
R[ 5] = 00000000000000000000000000000000
R[ 7] = 11111111111111111111111111111111
R[ 1] = 00000000000000000000000000001001
R[ 3] = 00000000000000000000000000000001
R[ 2] = 00000000000000000000000000001000
R[ 4] = 00000000000000000000000000000111
R[ 5] = 00000000000000000000101011111000
R[ 7] = 00000000000000000000101011110001
R[ 2] = 00000000000000000000000000000111
R[ 5] = 00000000000000000000000110010000
R[ 7] = 00000000000000000000000110001001
R[ 2] = 00000000000000000000000000000110
R[ 5] = 00000000000000000000000001100011
R[ 7] = 00000000000000000000000001011100
R[ 2] = 00000000000000000000000000000101
R[ 5] = 00000000000000000000000001010101
R[ 7] = 00000000000000000000000001001110
R[ 2] = 00000000000000000000000000000100
R[ 5] = 00000000000000000000000000001100
R[ 7] = 00000000000000000000000000000101
R[ 2] = 00000000000000000000000000000011
R[ 5] = 00000000000000000000000000000001
R[ 7] = 11111111111111111111111111111010
R[ 1] = 00000000000000000000000000001010
R[ 3] = 00000000000000000000000000000000
R[ 1] = 11111111111111111111111111110000
R[ 2] = 00000000000000000000000000000000
R[ 3] = 00000000000000000000000000000001
R[ 4] = 00000000000000000000000000000001
R[ 5] = 00000000000000000000000000000111
R[ 6] = 00000000000000000000000000001100
R[ 7] = 00000000000000000000000001010101
R[ 8] = 00000000000000000000000001100011
R[ 9] = 00000000000000000000000110010000
R[10] = 00000000000000000000101011111000
R[11] = xxxxxxxxxxxxxxxxxxxxxxxxxxxx0010
R[12] = 00000000000000000000000000000111
